<?xml version="1.0" encoding="UTF-8"?>
<!-- Generated by org.testng.reporters.JUnitReportReporter -->
<testsuite hostname="PC333975" name="com.mop.qa.test.bvt.Test_CNN_Mobile" tests="1" failures="0" timestamp="26 Oct 2017 13:04:39 GMT" time="212.362" errors="0">
  <testcase name="VideoAuto_Mobile" time="212.362" classname="com.mop.qa.test.bvt.Test_CNN_Mobile"/>
</testsuite> <!-- com.mop.qa.test.bvt.Test_CNN_Mobile -->
