<?xml version="1.0" encoding="UTF-8"?>
<!-- Generated by org.testng.reporters.JUnitReportReporter -->
<testsuite skipped="0" hostname="PC370013" name="com.mop.qa.test.P2P.TC7" tests="1" failures="0" timestamp="26 Feb 2018 12:02:02 GMT" time="120.885" errors="0">
  <testcase name="executeTest" time="120.885" classname="com.mop.qa.test.P2P.TC7"/>
</testsuite> <!-- com.mop.qa.test.P2P.TC7 -->
