<?xml version="1.0" encoding="UTF-8"?>
<!-- Generated by org.testng.reporters.JUnitReportReporter -->
<testsuite skipped="0" hostname="PC370013" name="com.mop.qa.test.CAT.TC503" tests="1" failures="0" timestamp="20 Mar 2018 10:11:52 GMT" time="66.385" errors="0">
  <testcase name="executeTest" time="66.385" classname="com.mop.qa.test.CAT.TC503"/>
</testsuite> <!-- com.mop.qa.test.CAT.TC503 -->
