<?xml version="1.0" encoding="UTF-8"?>
<!-- Generated by org.testng.reporters.JUnitReportReporter -->
<testsuite skipped="0" hostname="PC370013" name="com.mop.qa.testrunner.TestRunner" tests="1" failures="0" timestamp="18 Apr 2018 05:43:32 GMT" time="152.572" errors="0">
  <testcase name="testRun" time="152.572" classname="com.mop.qa.testrunner.TestRunner"/>
</testsuite> <!-- com.mop.qa.testrunner.TestRunner -->
