<?xml version="1.0" encoding="UTF-8"?>
<!-- Generated by org.testng.reporters.JUnitReportReporter -->
<testsuite skipped="0" hostname="PC370013" name="com.mop.qa.test.perfectChannel.PerfectChannelAdminTest" tests="1" failures="0" timestamp="21 Feb 2018 10:38:47 GMT" time="63.607" errors="0">
  <testcase name="executeTest" time="63.607" classname="com.mop.qa.test.perfectChannel.PerfectChannelAdminTest"/>
</testsuite> <!-- com.mop.qa.test.perfectChannel.PerfectChannelAdminTest -->
