<?xml version="1.0" encoding="UTF-8"?>
<!-- Generated by org.testng.reporters.JUnitReportReporter -->
<testsuite skipped="0" hostname="PC370013" name="com.mop.qa.test.bvt.TC12" tests="1" failures="0" timestamp="23 Mar 2018 07:41:38 GMT" time="184.910" errors="0">
  <testcase name="executeTest" time="184.910" classname="com.mop.qa.test.bvt.TC12"/>
</testsuite> <!-- com.mop.qa.test.bvt.TC12 -->
