<?xml version="1.0" encoding="UTF-8"?>
<!-- Generated by org.testng.reporters.JUnitReportReporter -->
<testsuite skipped="0" hostname="PC370013" name="com.mop.qa.test.bvt.TC22" tests="1" failures="0" timestamp="27 Feb 2018 05:12:30 GMT" time="162.855" errors="0">
  <testcase name="executeTest" time="162.855" classname="com.mop.qa.test.bvt.TC22"/>
</testsuite> <!-- com.mop.qa.test.bvt.TC22 -->
