<?xml version="1.0" encoding="UTF-8"?>
<!-- Generated by org.testng.reporters.JUnitReportReporter -->
<testsuite skipped="0" hostname="PC370013" name="com.mop.qa.test.perfectChannel.SaleAPIValidation" tests="1" failures="0" timestamp="22 Mar 2018 13:41:01 GMT" time="112.041" errors="0">
  <testcase name="executeTest" time="112.041" classname="com.mop.qa.test.perfectChannel.SaleAPIValidation"/>
</testsuite> <!-- com.mop.qa.test.perfectChannel.SaleAPIValidation -->
