<?xml version="1.0" encoding="UTF-8"?>
<!-- Generated by org.testng.reporters.JUnitReportReporter -->
<testsuite skipped="0" hostname="PC370013" name="com.mop.qa.test.LiveConferenceTest.ContractExpressTest" tests="1" failures="0" timestamp="17 Apr 2018 09:35:54 GMT" time="84.789" errors="0">
  <testcase name="executeTest" time="84.789" classname="com.mop.qa.test.LiveConferenceTest.ContractExpressTest"/>
</testsuite> <!-- com.mop.qa.test.LiveConferenceTest.ContractExpressTest -->
