<?xml version="1.0" encoding="UTF-8"?>
<!-- Generated by org.testng.reporters.JUnitReportReporter -->
<testsuite skipped="0" hostname="PC370013" name="com.mop.qa.test.LiveConferenceTest.LotFinderMaintenenaceTest" tests="1" failures="0" timestamp="17 Apr 2018 07:10:23 GMT" time="87.100" errors="0">
  <testcase name="executeTest" time="87.100" classname="com.mop.qa.test.LiveConferenceTest.LotFinderMaintenenaceTest"/>
</testsuite> <!-- com.mop.qa.test.LiveConferenceTest.LotFinderMaintenenaceTest -->
