<?xml version="1.0" encoding="UTF-8"?>
<!-- Generated by org.testng.reporters.JUnitReportReporter -->
<testsuite skipped="0" hostname="PC370013" name="com.mop.qa.test.bvt.TC20" tests="1" failures="0" timestamp="26 Feb 2018 12:32:48 GMT" time="278.602" errors="0">
  <testcase name="executeTest" time="278.602" classname="com.mop.qa.test.bvt.TC20"/>
</testsuite> <!-- com.mop.qa.test.bvt.TC20 -->
