<?xml version="1.0" encoding="UTF-8"?>
<!-- Generated by org.testng.reporters.JUnitReportReporter -->
<testsuite skipped="0" hostname="PC370013" name="com.mop.qa.test.LiveConferenceTest.AuctioneersBookTest" tests="1" failures="0" timestamp="18 Apr 2018 05:43:32 GMT" time="137.959" errors="0">
  <testcase name="executeTest" time="137.959" classname="com.mop.qa.test.LiveConferenceTest.AuctioneersBookTest"/>
</testsuite> <!-- com.mop.qa.test.LiveConferenceTest.AuctioneersBookTest -->
