<?xml version="1.0" encoding="UTF-8"?>
<!-- Generated by org.testng.reporters.JUnitReportReporter -->
<testsuite skipped="0" hostname="PC370013" name="com.mop.qa.test.P2P.TC2" tests="1" failures="0" timestamp="23 Feb 2018 06:07:46 GMT" time="91.809" errors="0">
  <testcase name="executeTest" time="91.809" classname="com.mop.qa.test.P2P.TC2"/>
</testsuite> <!-- com.mop.qa.test.P2P.TC2 -->
