<?xml version="1.0" encoding="UTF-8"?>
<!-- Generated by org.testng.reporters.JUnitReportReporter -->
<testsuite skipped="0" hostname="PC370013" name="com.mop.qa.test.CAT.TC500" tests="1" failures="0" timestamp="20 Mar 2018 09:53:08 GMT" time="75.512" errors="0">
  <testcase name="executeTest" time="75.512" classname="com.mop.qa.test.CAT.TC500"/>
</testsuite> <!-- com.mop.qa.test.CAT.TC500 -->
