<?xml version="1.0" encoding="UTF-8"?>
<!-- Generated by org.testng.reporters.JUnitReportReporter -->
<testsuite hostname="PC370013" name="com.mop.qa.test.bvt.TC11" tests="1" failures="0" timestamp="13 Feb 2018 09:40:23 GMT" time="307.282" errors="0">
  <testcase name="executeTest" time="307.282" classname="com.mop.qa.test.bvt.TC11"/>
</testsuite> <!-- com.mop.qa.test.bvt.TC11 -->
