<?xml version="1.0" encoding="UTF-8"?>
<!-- Generated by org.testng.reporters.JUnitReportReporter -->
<testsuite hostname="PC150742" name="com.mop.qa.test.bvt.Test_Xfinity_Web" tests="1" failures="0" timestamp="24 Oct 2017 08:50:55 GMT" time="184.957" errors="0">
  <testcase name="VideoAuto_PC" time="184.957" classname="com.mop.qa.test.bvt.Test_Xfinity_Web"/>
</testsuite> <!-- com.mop.qa.test.bvt.Test_Xfinity_Web -->
