<?xml version="1.0" encoding="UTF-8"?>
<!-- Generated by org.testng.reporters.JUnitReportReporter -->
<testsuite skipped="0" hostname="PC370013" name="com.mop.qa.test.bvt.TC21" tests="1" failures="0" timestamp="27 Feb 2018 05:03:37 GMT" time="131.571" errors="0">
  <testcase name="executeTest" time="131.571" classname="com.mop.qa.test.bvt.TC21"/>
</testsuite> <!-- com.mop.qa.test.bvt.TC21 -->
