<?xml version="1.0" encoding="UTF-8"?>
<!-- Generated by org.testng.reporters.JUnitReportReporter -->
<testsuite hostname="PC150742" name="STBT_Roku.TestRun" tests="1" failures="0" timestamp="25 Oct 2017 12:27:09 GMT" time="258.891" errors="0">
  <testcase name="run" time="258.891" classname="STBT_Roku.TestRun"/>
</testsuite> <!-- STBT_Roku.TestRun -->
