<?xml version="1.0" encoding="UTF-8"?>
<!-- Generated by org.testng.reporters.JUnitReportReporter -->
<testsuite skipped="0" hostname="PC370013" name="com.mop.qa.test.P2P.TC5" tests="1" failures="0" timestamp="23 Feb 2018 06:30:29 GMT" time="99.617" errors="0">
  <testcase name="executeTest" time="99.617" classname="com.mop.qa.test.P2P.TC5"/>
</testsuite> <!-- com.mop.qa.test.P2P.TC5 -->
