<?xml version="1.0" encoding="UTF-8"?>
<!-- Generated by org.testng.reporters.JUnitReportReporter -->
<testsuite skipped="0" hostname="PC370013" name="com.mop.qa.test.CAT.TC504" tests="1" failures="0" timestamp="20 Mar 2018 10:42:56 GMT" time="292.665" errors="0">
  <testcase name="executeTest" time="292.665" classname="com.mop.qa.test.CAT.TC504"/>
</testsuite> <!-- com.mop.qa.test.CAT.TC504 -->
