<?xml version="1.0" encoding="UTF-8"?>
<!-- Generated by org.testng.reporters.JUnitReportReporter -->
<testsuite skipped="0" hostname="PC370013" name="com.mop.qa.test.CAT.TC505" tests="1" failures="0" timestamp="20 Mar 2018 11:00:54 GMT" time="271.935" errors="0">
  <testcase name="executeTest" time="271.935" classname="com.mop.qa.test.CAT.TC505"/>
</testsuite> <!-- com.mop.qa.test.CAT.TC505 -->
