<?xml version="1.0" encoding="UTF-8"?>
<!-- Generated by org.testng.reporters.JUnitReportReporter -->
<testsuite hostname="PC370013" name="com.mop.qa.test.bvt.Test_CNN_PC" tests="1" failures="0" timestamp="5 Feb 2018 06:48:45 GMT" time="5.804" errors="0">
  <testcase name="VideoAuto_PC" time="5.804" classname="com.mop.qa.test.bvt.Test_CNN_PC"/>
</testsuite> <!-- com.mop.qa.test.bvt.Test_CNN_PC -->
