<?xml version="1.0" encoding="UTF-8"?>
<!-- Generated by org.testng.reporters.JUnitReportReporter -->
<testsuite skipped="0" hostname="PC370013" name="com.mop.qa.test.LiveConferenceTest.BizTalkVerificationTest" tests="3" failures="0" timestamp="17 Apr 2018 07:10:23 GMT" time="141.679" errors="0">
  <testcase name="executeTest" time="63.584" classname="com.mop.qa.test.LiveConferenceTest.BizTalkVerificationTest"/>
  <testcase name="executeTest" time="38.479" classname="com.mop.qa.test.LiveConferenceTest.BizTalkVerificationTest"/>
  <testcase name="executeTest" time="39.616" classname="com.mop.qa.test.LiveConferenceTest.BizTalkVerificationTest"/>
</testsuite> <!-- com.mop.qa.test.LiveConferenceTest.BizTalkVerificationTest -->
