<?xml version="1.0" encoding="UTF-8"?>
<!-- Generated by org.testng.reporters.JUnitReportReporter -->
<testsuite skipped="0" hostname="PC370013" name="com.mop.qa.test.P2P.TC1" tests="1" failures="0" timestamp="23 Feb 2018 05:39:37 GMT" time="180.752" errors="0">
  <testcase name="executeTest" time="180.752" classname="com.mop.qa.test.P2P.TC1"/>
</testsuite> <!-- com.mop.qa.test.P2P.TC1 -->
