<?xml version="1.0" encoding="UTF-8"?>
<!-- Generated by org.testng.reporters.JUnitReportReporter -->
<testsuite hostname="PC333975" name="com.mop.qa.testrunner.TestRunner" tests="1" failures="0" timestamp="26 Oct 2017 13:04:39 GMT" time="251.813" errors="0">
  <testcase name="testRun" time="251.813" classname="com.mop.qa.testrunner.TestRunner"/>
</testsuite> <!-- com.mop.qa.testrunner.TestRunner -->
